[2024-01-23 15:43:05,020] multiqc                                            [DEBUG  ]  No MultiQC config found: /opt/miniconda3/envs/fastqc_trim/lib/python2.7/site-packages/multiqc-1.0.dev0-py2.7.egg/multiqc_config.yaml
[2024-01-23 15:43:05,020] multiqc                                            [DEBUG  ]  No MultiQC config found: /home/yalbi/.multiqc_config.yaml
[2024-01-23 15:43:05,020] multiqc                                            [DEBUG  ]  No MultiQC config found: multiqc_config.yaml
[2024-01-23 15:43:05,020] multiqc                                            [DEBUG  ]  Command used: /opt/miniconda3/envs/fastqc_trim/bin/multiqc .
[2024-01-23 15:43:05,020] multiqc                                            [DEBUG  ]  Could not connect to multiqc.info for version check
[2024-01-23 15:43:05,020] multiqc                                            [INFO   ]  This is MultiQC v1.0.dev0
[2024-01-23 15:43:05,021] multiqc                                            [DEBUG  ]  Command     : /opt/miniconda3/envs/fastqc_trim/bin/multiqc .
[2024-01-23 15:43:05,021] multiqc                                            [DEBUG  ]  Working dir : /home/yalbi/test2/data/Demultiplexed
[2024-01-23 15:43:05,021] multiqc                                            [INFO   ]  Template    : default
[2024-01-23 15:43:05,021] multiqc                                            [INFO   ]  Searching '.'
[2024-01-23 15:43:05,021] multiqc                                            [DEBUG  ]  Analysing modules: custom_content, peddy, methylQA, qualimap, preseq, quast, rseqc, busco, goleft_indexcov, snpeff, gatk, htseq, bcftools, featureCounts, picard, prokka, samblaster, samtools, bamtools, bismark, hicup, salmon, kallisto, slamdunk, star, tophat, bowtie2, bowtie1, cutadapt, trimmomatic, skewer, fastq_screen, fastqc, clusterflow
[2024-01-23 15:43:05,022] multiqc                                            [DEBUG  ]  Using temporary directory for creating report: /tmp/tmp2TX36Z
[2024-01-23 15:43:05,037] multiqc                                            [DEBUG  ]  Ignoring file as matched an ignore pattern: LF3T07-R2.fastq
[2024-01-23 15:43:05,052] multiqc                                            [DEBUG  ]  Ignoring file as matched an ignore pattern: BA3T07-R2.fastq
[2024-01-23 15:43:05,052] multiqc                                            [DEBUG  ]  Ignoring file as matched an ignore pattern: BA3T03-R1.fastq
[2024-01-23 15:43:05,053] multiqc                                            [DEBUG  ]  Ignoring file as matched an ignore pattern: LF3T07-R1.fastq
[2024-01-23 15:43:05,053] multiqc                                            [DEBUG  ]  Ignoring file as matched an ignore pattern: LF3T03-R1.fastq
[2024-01-23 15:43:05,053] multiqc                                            [DEBUG  ]  Ignoring file as matched an ignore pattern: BA3T03-R2.fastq
[2024-01-23 15:43:05,053] multiqc                                            [DEBUG  ]  Ignoring file as matched an ignore pattern: BA3T11-R1.fastq
[2024-01-23 15:43:05,054] multiqc                                            [DEBUG  ]  Ignoring file as matched an ignore pattern: LF3T01-R2.fastq
[2024-01-23 15:43:05,054] multiqc                                            [DEBUG  ]  Ignoring file as matched an ignore pattern: LF3T01-R1.fastq
[2024-01-23 15:43:05,054] multiqc                                            [DEBUG  ]  Ignoring file as matched an ignore pattern: BA3T11-R2.fastq
[2024-01-23 15:43:05,055] multiqc                                            [DEBUG  ]  Ignoring file as matched an ignore pattern: LF3T03-R2.fastq
[2024-01-23 15:43:05,055] multiqc                                            [DEBUG  ]  Ignoring file as matched an ignore pattern: BA3T07-R1.fastq
[2024-01-23 15:43:05,055] multiqc                                            [DEBUG  ]  Ignoring file as matched an ignore pattern: BA3T01-R1.fastq
[2024-01-23 15:43:05,056] multiqc                                            [DEBUG  ]  Ignoring file as matched an ignore pattern: BA3T01-R2.fastq
[2024-01-23 15:43:07,300] multiqc.modules.custom_content.custom_content      [DEBUG  ]  No custom content found
[2024-01-23 15:43:07,362] multiqc.modules.peddy.peddy                        [DEBUG  ]  Could not find any reports in ('.',)
[2024-01-23 15:43:07,370] multiqc.modules.methylQA.methylQA                  [DEBUG  ]  Could not find any reports in ('.',)
[2024-01-23 15:43:07,375] multiqc.modules.qualimap.QM_BamQC                  [DEBUG  ]  Using default Qualimap thresholds: 1, 5, 10, 30, 50
[2024-01-23 15:43:07,394] multiqc.modules.qualimap.qualimap                  [DEBUG  ]  Could not find any reports in ('.',)
[2024-01-23 15:43:07,548] multiqc.modules.preseq.preseq                      [DEBUG  ]  Could not find any preseq data in ('.',)
[2024-01-23 15:43:07,554] multiqc.modules.quast.quast                        [DEBUG  ]  Could not find any reports in ('.',)
[2024-01-23 15:43:07,928] multiqc.modules.rseqc.rseqc                        [DEBUG  ]  Could not find any reports in ('.',)
[2024-01-23 15:43:07,933] multiqc.modules.busco.busco                        [DEBUG  ]  Could not find any reports in ('.',)
[2024-01-23 15:43:07,939] multiqc.modules.goleft_indexcov.goleft_indexcov    [DEBUG  ]  Did not find goleft indexcov outputs in ('.',)
[2024-01-23 15:43:08,022] multiqc.modules.snpeff.snpeff                      [DEBUG  ]  Could not find any data in ('.',)
[2024-01-23 15:43:08,127] multiqc.modules.gatk.gatk                          [DEBUG  ]  Could not find any reports in ('.',)
[2024-01-23 15:43:08,214] multiqc.modules.htseq.htseq                        [DEBUG  ]  Could not find any reports in ('.',)
[2024-01-23 15:43:08,299] multiqc.modules.bcftools.bcftools                  [DEBUG  ]  Could not find any reports in ('.',)
[2024-01-23 15:43:08,303] multiqc.modules.featureCounts.feature_counts       [DEBUG  ]  Could not find any reports in ('.',)
[2024-01-23 15:43:08,996] multiqc.modules.picard.picard                      [DEBUG  ]  Could not find any reports in ('.',)
[2024-01-23 15:43:09,000] multiqc.modules.prokka.prokka                      [DEBUG  ]  Could not find any Prokka data in ('.',)
[2024-01-23 15:43:09,066] multiqc.modules.samblaster.samblaster              [DEBUG  ]  Could not find any data in ('.',)
[2024-01-23 15:43:09,251] multiqc.modules.samtools.samtools                  [DEBUG  ]  Could not find any reports in ('.',)
[2024-01-23 15:43:09,397] multiqc.modules.bamtools.bamtools                  [DEBUG  ]  Could not find any reports in ('.',)
[2024-01-23 15:43:09,415] multiqc.modules.bismark.bismark                    [DEBUG  ]  Could not find any reports in ('.',)
[2024-01-23 15:43:09,422] multiqc.modules.hicup.hicup                        [DEBUG  ]  Could not find any HiCUP data in ('.',)
[2024-01-23 15:43:09,431] multiqc.modules.salmon.salmon                      [DEBUG  ]  Could not find any Salmon data in ('.',)
[2024-01-23 15:43:09,523] multiqc.modules.kallisto.kallisto                  [DEBUG  ]  Could not find any reports in ('.',)
[2024-01-23 15:43:09,912] multiqc.modules.slamdunk.slamdunk                  [DEBUG  ]  No slamdunk reports found.
[2024-01-23 15:43:09,918] multiqc.modules.star.star                          [DEBUG  ]  Could not find any reports in ('.',)
[2024-01-23 15:43:09,922] multiqc.modules.tophat.tophat                      [DEBUG  ]  Could not find any reports in ('.',)
[2024-01-23 15:43:09,987] multiqc.modules.bowtie2.bowtie2                    [DEBUG  ]  Could not find any reports in ('.',)
[2024-01-23 15:43:10,052] multiqc.modules.bowtie1.bowtie1                    [DEBUG  ]  Could not find any reports in ('.',)
[2024-01-23 15:43:10,116] multiqc.modules.cutadapt.cutadapt                  [DEBUG  ]  Could not find any reports in ('.',)
[2024-01-23 15:43:10,182] multiqc.modules.trimmomatic.trimmomatic            [DEBUG  ]  Could not find any Trimmomatic data in ('.',)
[2024-01-23 15:43:10,245] multiqc.modules.skewer.skewer                      [DEBUG  ]  Could not find any data in ('.',)
[2024-01-23 15:43:10,583] multiqc.modules.fastq_screen.fastq_screen          [DEBUG  ]  Could not find any reports in ('.',)
[2024-01-23 15:43:11,050] multiqc.modules.fastqc.fastqc                      [INFO   ]  Found 14 reports
[2024-01-23 15:43:11,889] multiqc.modules.clusterflow.clusterflow            [DEBUG  ]  Could not find any reports in ('.',)
[2024-01-23 15:43:11,890] multiqc                                            [INFO   ]  Report      : multiqc_report.html
[2024-01-23 15:43:11,891] multiqc                                            [INFO   ]  Data        : multiqc_data
[2024-01-23 15:43:11,891] multiqc                                            [DEBUG  ]  Moving data file from '/tmp/tmp2TX36Z/multiqc_data/multiqc_general_stats.txt' to '/home/yalbi/test2/data/Demultiplexed/multiqc_data'
[2024-01-23 15:43:11,891] multiqc                                            [DEBUG  ]  Moving data file from '/tmp/tmp2TX36Z/multiqc_data/multiqc_fastqc.txt' to '/home/yalbi/test2/data/Demultiplexed/multiqc_data'
[2024-01-23 15:43:11,891] multiqc                                            [DEBUG  ]  Moving data file from '/tmp/tmp2TX36Z/multiqc_data/multiqc_sources.txt' to '/home/yalbi/test2/data/Demultiplexed/multiqc_data'
[2024-01-23 15:43:12,045] multiqc                                            [INFO   ]  MultiQC complete
